<?xml version="1.0" encoding="UTF-8"?>
<!-- Generated by org.testng.reporters.JUnitReportReporter -->
<testsuite hostname="DELL" failures="0" tests="1" name="Testng_Pac1.Testng_cls1" time="21.187" errors="0" timestamp="2020-07-29T14:11:58 IST" skipped="0">
  <testcase classname="Testng_Pac1.Testng_cls1" name="bookFlightTest" time="21.187"/>
</testsuite> <!-- Testng_Pac1.Testng_cls1 -->
