<?xml version="1.0" encoding="UTF-8"?>
<!-- Generated by org.testng.reporters.JUnitReportReporter -->
<testsuite hostname="DELL" failures="0" tests="1" name="testng_Pac1_SL.testng_Quantas_SL" time="20.309" errors="0" timestamp="2020-07-29T14:18:44 IST" skipped="0">
  <testcase classname="testng_Pac1_SL.testng_Quantas_SL" name="bookFlightTest" time="20.309"/>
</testsuite> <!-- testng_Pac1_SL.testng_Quantas_SL -->
